2026-05-21T04:29:06.826+0000 [DEBUG] [org.gradle.launcher.daemon.bootstrap.DaemonMain] Assuming the daemon was started with following jvm opts: [-Xmx1536m, -Dfile.encoding=UTF-8, -Duser.country=US, -Duser.language=en, -Duser.variant]
2026-05-21T04:29:07.437+0000 [DEBUG] [org.gradle.internal.remote.internal.inet.InetAddresses] Adding IP addresses for network interface eth0
2026-05-21T04:29:07.440+0000 [DEBUG] [org.gradle.internal.remote.internal.inet.InetAddresses] Is this a loopback interface? false
2026-05-21T04:29:07.446+0000 [DEBUG] [org.gradle.internal.remote.internal.inet.InetAddresses] Adding remote address /10.88.0.3
2026-05-21T04:29:07.446+0000 [DEBUG] [org.gradle.internal.remote.internal.inet.InetAddresses] Adding IP addresses for network interface lo
2026-05-21T04:29:07.446+0000 [DEBUG] [org.gradle.internal.remote.internal.inet.InetAddresses] Is this a loopback interface? true
2026-05-21T04:29:07.451+0000 [DEBUG] [org.gradle.internal.remote.internal.inet.InetAddresses] Adding loopback address /127.0.0.1
2026-05-21T04:29:07.588+0000 [INFO] [org.gradle.launcher.daemon.server.Daemon] start() called on daemon - DefaultDaemonContext[uid=6c6740d9-e841-484e-bc91-98efe7fc5071,javaHome=/opt/nix/store/5badkg3gmzg1c29akwglknkizfg6zj0g-openjdk-17.0.17+8/lib/openjdk,javaVersion=17,javaVendor=N/A,daemonRegistryDir=/home/user/jin-insurance/.gradle_home/daemon,pid=7372,idleTimeout=120000,priority=NORMAL,applyInstrumentationAgent=true,nativeServicesMode=ENABLED,daemonOpts=-Xmx1536m,-Dfile.encoding=UTF-8,-Duser.country=US,-Duser.language=en,-Duser.variant]
2026-05-21T04:29:07.676+0000 [DEBUG] [org.gradle.internal.remote.internal.inet.TcpIncomingConnector] Listening on [276b88b9-9bac-4137-adee-a3008d60a923 port:46555, addresses:[localhost/127.0.0.1]].
2026-05-21T04:29:07.710+0000 [DEBUG] [org.gradle.launcher.daemon.server.Daemon] Daemon starting at: Thu May 21 04:29:07 UTC 2026, with address: [276b88b9-9bac-4137-adee-a3008d60a923 port:46555, addresses:[localhost/127.0.0.1]]
2026-05-21T04:29:07.713+0000 [INFO] [org.gradle.launcher.daemon.server.DaemonRegistryUpdater] Advertising the daemon address to the clients: [276b88b9-9bac-4137-adee-a3008d60a923 port:46555, addresses:[localhost/127.0.0.1]]
2026-05-21T04:29:07.715+0000 [DEBUG] [org.gradle.launcher.daemon.server.DaemonRegistryUpdater] Advertised daemon context: DefaultDaemonContext[uid=6c6740d9-e841-484e-bc91-98efe7fc5071,javaHome=/opt/nix/store/5badkg3gmzg1c29akwglknkizfg6zj0g-openjdk-17.0.17+8/lib/openjdk,javaVersion=17,javaVendor=N/A,daemonRegistryDir=/home/user/jin-insurance/.gradle_home/daemon,pid=7372,idleTimeout=120000,priority=NORMAL,applyInstrumentationAgent=true,nativeServicesMode=ENABLED,daemonOpts=-Xmx1536m,-Dfile.encoding=UTF-8,-Duser.country=US,-Duser.language=en,-Duser.variant]
2026-05-21T04:29:07.717+0000 [DEBUG] [org.gradle.launcher.daemon.registry.PersistentDaemonRegistry] Storing daemon address: [276b88b9-9bac-4137-adee-a3008d60a923 port:46555, addresses:[localhost/127.0.0.1]], context: DefaultDaemonContext[uid=6c6740d9-e841-484e-bc91-98efe7fc5071,javaHome=/opt/nix/store/5badkg3gmzg1c29akwglknkizfg6zj0g-openjdk-17.0.17+8/lib/openjdk,javaVersion=17,javaVendor=N/A,daemonRegistryDir=/home/user/jin-insurance/.gradle_home/daemon,pid=7372,idleTimeout=120000,priority=NORMAL,applyInstrumentationAgent=true,nativeServicesMode=ENABLED,daemonOpts=-Xmx1536m,-Dfile.encoding=UTF-8,-Duser.country=US,-Duser.language=en,-Duser.variant]
2026-05-21T04:29:07.749+0000 [DEBUG] [org.gradle.cache.internal.DefaultFileLockManager] Waiting to acquire exclusive lock on daemon addresses registry.
2026-05-21T04:29:07.768+0000 [DEBUG] [org.gradle.cache.internal.DefaultFileLockManager] Lock acquired on daemon addresses registry.
2026-05-21T04:29:07.774+0000 [DEBUG] [org.gradle.cache.internal.DefaultFileLockManager] Releasing lock on daemon addresses registry.
2026-05-21T04:29:07.783+0000 [DEBUG] [org.gradle.cache.internal.DefaultFileLockManager] Waiting to acquire exclusive lock on daemon addresses registry.
2026-05-21T04:29:07.786+0000 [DEBUG] [org.gradle.cache.internal.DefaultFileLockManager] Lock acquired on daemon addresses registry.
2026-05-21T04:29:07.796+0000 [DEBUG] [org.gradle.cache.internal.DefaultFileLockManager] Releasing lock on daemon addresses registry.
2026-05-21T04:29:07.799+0000 [LIFECYCLE] [org.gradle.launcher.daemon.server.Daemon] Daemon server started.
2026-05-21T04:29:07.804+0000 [DEBUG] [org.gradle.launcher.daemon.bootstrap.DaemonStartupCommunication] Completed writing the daemon greeting. Closing streams...
2026-05-21T04:29:07.829+0000 [DEBUG] [org.gradle.launcher.daemon.server.Daemon] stopOnExpiration() called on daemon
2026-05-21T04:29:07.833+0000 [DEBUG] [org.gradle.launcher.daemon.server.Daemon] awaitExpiration() called on daemon
2026-05-21T04:29:07.837+0000 [DEBUG] [org.gradle.launcher.daemon.server.DaemonStateCoordinator] daemon is running. Sleeping until state changes.
2026-05-21T04:29:07.893+0000 [DEBUG] [org.gradle.internal.remote.internal.inet.TcpIncomingConnector] Accepted connection from /127.0.0.1:47626 to /127.0.0.1:46555.
2026-05-21T04:29:08.053+0000 [DEBUG] [org.gradle.launcher.daemon.server.SynchronizedDispatchConnection] thread 19: received class org.gradle.launcher.daemon.protocol.Build
2026-05-21T04:29:08.056+0000 [DEBUG] [org.gradle.launcher.daemon.server.DefaultDaemonConnection] thread 19: Received non-IO message from client: Build{id=28f3bd00-0033-434c-b0cb-5b2e37bc7c70, currentDir=/home/user/jin-insurance/android}
2026-05-21T04:29:08.057+0000 [INFO] [org.gradle.launcher.daemon.server.DefaultIncomingConnectionHandler] Received command: Build{id=28f3bd00-0033-434c-b0cb-5b2e37bc7c70, currentDir=/home/user/jin-insurance/android}.
2026-05-21T04:29:08.057+0000 [DEBUG] [org.gradle.launcher.daemon.server.DefaultIncomingConnectionHandler] Starting executing command: Build{id=28f3bd00-0033-434c-b0cb-5b2e37bc7c70, currentDir=/home/user/jin-insurance/android} with connection: socket connection from /127.0.0.1:46555 to /127.0.0.1:47626.
2026-05-21T04:29:08.073+0000 [DEBUG] [org.gradle.launcher.daemon.server.DaemonStateCoordinator] Command execution: started DaemonCommandExecution[command = Build{id=28f3bd00-0033-434c-b0cb-5b2e37bc7c70, currentDir=/home/user/jin-insurance/android}, connection = DefaultDaemonConnection: socket connection from /127.0.0.1:46555 to /127.0.0.1:47626] after 0.0069 minutes of idle
2026-05-21T04:29:08.074+0000 [INFO] [org.gradle.launcher.daemon.server.DaemonRegistryUpdater] Marking the daemon as busy, address: [276b88b9-9bac-4137-adee-a3008d60a923 port:46555, addresses:[localhost/127.0.0.1]]
2026-05-21T04:29:08.074+0000 [DEBUG] [org.gradle.launcher.daemon.registry.PersistentDaemonRegistry] Marking busy by address: [276b88b9-9bac-4137-adee-a3008d60a923 port:46555, addresses:[localhost/127.0.0.1]]
2026-05-21T04:29:08.077+0000 [DEBUG] [org.gradle.cache.internal.DefaultFileLockManager] Waiting to acquire exclusive lock on daemon addresses registry.
2026-05-21T04:29:08.078+0000 [DEBUG] [org.gradle.cache.internal.DefaultFileLockManager] Lock acquired on daemon addresses registry.
2026-05-21T04:29:08.084+0000 [DEBUG] [org.gradle.cache.internal.DefaultFileLockManager] Releasing lock on daemon addresses registry.
2026-05-21T04:29:08.084+0000 [DEBUG] [org.gradle.launcher.daemon.server.DaemonStateCoordinator] resetting idle timer
2026-05-21T04:29:08.087+0000 [DEBUG] [org.gradle.launcher.daemon.server.DaemonStateCoordinator] daemon is running. Sleeping until state changes.
2026-05-21T04:29:08.088+0000 [INFO] [org.gradle.launcher.daemon.server.exec.StartBuildOrRespondWithBusy] Daemon is about to start building Build{id=28f3bd00-0033-434c-b0cb-5b2e37bc7c70, currentDir=/home/user/jin-insurance/android}. Dispatching build started information...
2026-05-21T04:29:08.088+0000 [DEBUG] [org.gradle.launcher.daemon.server.SynchronizedDispatchConnection] thread 21: dispatching org.gradle.launcher.daemon.protocol.BuildStarted@1090d8a6
2026-05-21T04:29:08.093+0000 [DEBUG] [org.gradle.launcher.daemon.server.exec.EstablishBuildEnvironment] Configuring env variables: [PATH, PKG_CONFIG_PATH, XDG_DATA_DIRS, GIT_PAGER, GEMINI_CLI, VSCODE_GIT_IPC_HANDLE, ANDROID_HOME, MONOSPACE_ENV, COLORTERM, PROMPT_COMMAND, VSCODE_GIT_ASKPASS_NODE, PWD, TERM_PROGRAM_VERSION, GIT_ASKPASS, GEMINI_CLI_IDE_SERVER_PORT, MONOSPACE_ENV_CFG_HASH, SHELL, PAGER, NPM_CONFIG_PREFIX, OLDPWD, IDX_ENV_CONFIG_FILE_PATH, ENVIRONMENT_SERVICE_PATH, COLLAB_YJS_ROOM, NIX_LDFLAGS, LC_CTYPE, NIX_SSL_CERT_FILE, LS_COLORS, SHLVL, COLLAB_WS_URL, MONOSPACE_PREVIEW_CONFIG, ENABLE_CAPRA_GENKIT_TOKEN_LOGGING, BROWSER, WORKSPACE_SLUG, WEB_HOST, NIX_CFLAGS_LINK, JAVA_HOME, GOOGLE_CLOUD_WORKSTATIONS, TERM, LANG, VSCODE_GIT_ASKPASS_MAIN, PERMANENT_TAG, DART_CODE_CONFIGURATION_PATH, GRADLE_USER_HOME, VSCODE_IPC_HOOK_CLI, CAPRA_ENABLED_FEATURES, VSCODE_GIT_ASKPASS_EXTRA_ARGS, SSL_CERT_FILE, PYTHONNOUSERSITE, MONOSPACE_ON_START_COMMANDS, UV_USE_IO_URING, IDX_CHANNEL, TERM_PROGRAM, GEMINI_CLI_NO_RELAUNCH, MONOSPACE_COMMIT_SHA, LOCALE_ARCHIVE, NIX_CFLAGS_COMPILE, MONOSPACE_RECOVERY_MODE, TEMPLATE_REPO_URL, GEMINI_CLI_IDE_AUTH_TOKEN, NIX_PATH, FIREBASE_DEPLOY_AGENT, USER, TZDIR, ACLOCAL_PATH, GEMINI_CLI_IDE_WORKSPACE_PATH, WORKSPACE_SERVICE_ACCOUNT_EMAIL, IDX_TOKEN_SOCK, MONOSPACE_ON_CREATE_COMMANDS, HOME]
2026-05-21T04:29:08.114+0000 [DEBUG] [org.gradle.launcher.daemon.server.exec.LogToClient] About to start relaying all logs to the client via the connection.
2026-05-21T04:29:08.115+0000 [INFO] [org.gradle.launcher.daemon.server.exec.LogToClient] The client will now receive all logging from the daemon (pid: 7372). The daemon log file: /home/user/jin-insurance/.gradle_home/daemon/8.14.3/daemon-7372.out.log
2026-05-21T04:29:08.124+0000 [DEBUG] [org.gradle.launcher.daemon.server.exec.RequestStopIfSingleUsedDaemon] Requesting daemon stop after processing Build{id=28f3bd00-0033-434c-b0cb-5b2e37bc7c70, currentDir=/home/user/jin-insurance/android}
2026-05-21T04:29:08.125+0000 [LIFECYCLE] [org.gradle.launcher.daemon.server.DaemonStateCoordinator] Daemon will be stopped at the end of the build 
2026-05-21T04:29:08.126+0000 [DEBUG] [org.gradle.launcher.daemon.server.DaemonStateCoordinator] Stop as soon as idle requested. The daemon is busy
2026-05-21T04:29:08.126+0000 [DEBUG] [org.gradle.launcher.daemon.server.DaemonStateCoordinator] daemon stop has been requested. Sleeping until state changes.
2026-05-21T04:29:08.133+0000 [DEBUG] [org.gradle.launcher.daemon.server.exec.ExecuteBuild] The daemon has started executing the build.
2026-05-21T04:29:08.135+0000 [DEBUG] [org.gradle.launcher.daemon.server.exec.ExecuteBuild] Executing build with daemon context: DefaultDaemonContext[uid=6c6740d9-e841-484e-bc91-98efe7fc5071,javaHome=/opt/nix/store/5badkg3gmzg1c29akwglknkizfg6zj0g-openjdk-17.0.17+8/lib/openjdk,javaVersion=17,javaVendor=N/A,daemonRegistryDir=/home/user/jin-insurance/.gradle_home/daemon,pid=7372,idleTimeout=120000,priority=NORMAL,applyInstrumentationAgent=true,nativeServicesMode=ENABLED,daemonOpts=-Xmx1536m,-Dfile.encoding=UTF-8,-Duser.country=US,-Duser.language=en,-Duser.variant]

FAILURE: Build failed with an exception.

* What went wrong:
A problem occurred configuring root project 'android'.
> Could not resolve all dependencies for configuration 'classpath'.
   > Multiple build operations failed.
         platform encoding not initialized
         platform encoding not initialized
      > platform encoding not initialized
      > platform encoding not initialized

* Try:
> Run with --stacktrace option to get the stack trace.
> Run with --info or --debug option to get more log output.
> Run with --scan to get full insights.
> Get more help at https://help.gradle.org.

BUILD FAILED in 23s
2026-05-21T04:29:17.910+0000 [DEBUG] [org.gradle.launcher.daemon.server.exec.ExecuteBuild] The daemon has finished executing the build.
2026-05-21T04:29:17.926+0000 [DEBUG] [org.gradle.launcher.daemon.server.DaemonStateCoordinator] daemon stop has been requested. Sleeping until state changes.
2026-05-21T04:29:17.927+0000 [DEBUG] [org.gradle.launcher.daemon.server.DaemonStateCoordinator] Command execution: finished waiting for DaemonCommandExecution[command = Build{id=28f3bd00-0033-434c-b0cb-5b2e37bc7c70, currentDir=/home/user/jin-insurance/android}, connection = DefaultDaemonConnection: socket connection from /127.0.0.1:46555 to /127.0.0.1:47626]. Result org.gradle.launcher.daemon.server.DaemonStateCoordinator@369651a2 with state StopRequested
2026-05-21T04:29:17.927+0000 [DEBUG] [org.gradle.launcher.daemon.server.DaemonStateCoordinator] Command execution: completed DaemonCommandExecution[command = Build{id=28f3bd00-0033-434c-b0cb-5b2e37bc7c70, currentDir=/home/user/jin-insurance/android}, connection = DefaultDaemonConnection: socket connection from /127.0.0.1:46555 to /127.0.0.1:47626]
2026-05-21T04:29:17.927+0000 [DEBUG] [org.gradle.launcher.daemon.server.DaemonStateCoordinator] resetting idle timer
2026-05-21T04:29:17.928+0000 [DEBUG] [org.gradle.launcher.daemon.server.DaemonStateCoordinator] Marking daemon stopped due to command completed and stop requested. The daemon is not running a build
2026-05-21T04:29:17.928+0000 [DEBUG] [org.gradle.launcher.daemon.server.exec.ReturnResult] Daemon is dispatching the build result: Success[value=org.gradle.launcher.exec.BuildActionResult@5cd7de4f]
2026-05-21T04:29:17.929+0000 [DEBUG] [org.gradle.launcher.daemon.server.SynchronizedDispatchConnection] thread 18: dispatching Success[value=org.gradle.launcher.exec.BuildActionResult@5cd7de4f]
2026-05-21T04:29:17.929+0000 [DEBUG] [org.gradle.launcher.daemon.server.DaemonStateCoordinator] daemon has stopped.
2026-05-21T04:29:17.936+0000 [DEBUG] [org.gradle.launcher.daemon.server.Daemon] stop() called on daemon
2026-05-21T04:29:17.938+0000 [INFO] [org.gradle.launcher.daemon.server.Daemon] Stop requested. Daemon is removing its presence from the registry...
2026-05-21T04:29:17.939+0000 [DEBUG] [org.gradle.launcher.daemon.server.DaemonRegistryUpdater] Removing our presence to clients, eg. removing this address from the registry: [276b88b9-9bac-4137-adee-a3008d60a923 port:46555, addresses:[localhost/127.0.0.1]]
2026-05-21T04:29:17.939+0000 [DEBUG] [org.gradle.launcher.daemon.registry.PersistentDaemonRegistry] Removing daemon address: [276b88b9-9bac-4137-adee-a3008d60a923 port:46555, addresses:[localhost/127.0.0.1]]
2026-05-21T04:29:17.942+0000 [DEBUG] [org.gradle.cache.internal.DefaultFileLockManager] Waiting to acquire exclusive lock on daemon addresses registry.
2026-05-21T04:29:17.946+0000 [DEBUG] [org.gradle.cache.internal.DefaultFileLockManager] Lock acquired on daemon addresses registry.
2026-05-21T04:29:17.947+0000 [DEBUG] [org.gradle.cache.internal.DefaultFileLockManager] Releasing lock on daemon addresses registry.
2026-05-21T04:29:17.947+0000 [DEBUG] [org.gradle.launcher.daemon.server.DaemonRegistryUpdater] Address removed from registry.
2026-05-21T04:29:17.980+0000 [DEBUG] [org.gradle.launcher.daemon.server.DefaultIncomingConnectionHandler] Finishing executing command: Build{id=28f3bd00-0033-434c-b0cb-5b2e37bc7c70, currentDir=/home/user/jin-insurance/android}
2026-05-21T04:29:17.982+0000 [DEBUG] [org.gradle.launcher.daemon.server.exec.CleanUpVirtualFileSystemAfterBuild] Cleaning virtual file system after build finished
2026-05-21T04:29:18.098+0000 [DEBUG] [org.gradle.launcher.daemon.server.SynchronizedDispatchConnection] thread 19: received class org.gradle.launcher.daemon.protocol.CloseInput
2026-05-21T04:29:18.103+0000 [DEBUG] [org.gradle.launcher.daemon.server.DefaultDaemonConnection] thread 19: Received IO message from client: org.gradle.launcher.daemon.protocol.CloseInput@6bcd0f8b
2026-05-21T04:29:18.103+0000 [DEBUG] [org.gradle.launcher.daemon.server.SynchronizedDispatchConnection] thread 19: received class org.gradle.launcher.daemon.protocol.Finished
2026-05-21T04:29:18.104+0000 [DEBUG] [org.gradle.launcher.daemon.server.DefaultDaemonConnection] thread 19: Received non-IO message from client: org.gradle.launcher.daemon.protocol.Finished@43781f80
2026-05-21T04:29:18.106+0000 [DEBUG] [org.gradle.launcher.daemon.server.DefaultIncomingConnectionHandler] Received finished message: org.gradle.launcher.daemon.protocol.Finished@43781f80
2026-05-21T04:29:18.106+0000 [DEBUG] [org.gradle.launcher.daemon.server.SynchronizedDispatchConnection] thread 18: stopping connection
2026-05-21T04:29:18.109+0000 [DEBUG] [org.gradle.internal.remote.internal.inet.SocketConnection] Discarding EOFException: java.io.EOFException
2026-05-21T04:29:18.110+0000 [DEBUG] [org.gradle.launcher.daemon.server.SynchronizedDispatchConnection] thread 19: received null
2026-05-21T04:29:18.110+0000 [DEBUG] [org.gradle.launcher.daemon.server.DefaultDaemonConnection] thread 19: Received end-of-input from client.
2026-05-21T04:29:18.116+0000 [DEBUG] [org.gradle.launcher.daemon.server.SynchronizedDispatchConnection] thread 18: stopping connection
2026-05-21T04:29:18.117+0000 [DEBUG] [org.gradle.cache.internal.LockOnDemandCrossProcessCacheAccess] Releasing file lock for jars (/home/user/jin-insurance/.gradle_home/caches/jars-9)
2026-05-21T04:29:18.117+0000 [DEBUG] [org.gradle.cache.internal.DefaultFileLockManager] Releasing lock on jars (/home/user/jin-insurance/.gradle_home/caches/jars-9).
2026-05-21T04:29:18.118+0000 [DEBUG] [org.gradle.cache.internal.LockOnDemandCrossProcessCacheAccess] Releasing file lock for file content cache (/home/user/jin-insurance/.gradle_home/caches/8.14.3/fileContent)
2026-05-21T04:29:18.118+0000 [DEBUG] [org.gradle.cache.internal.DefaultFileLockManager] Releasing lock on file content cache (/home/user/jin-insurance/.gradle_home/caches/8.14.3/fileContent).
2026-05-21T04:29:18.118+0000 [DEBUG] [org.gradle.internal.watch.vfs.impl.WatchingVirtualFileSystem] Closing VFS, dropping state
2026-05-21T04:29:18.122+0000 [DEBUG] [org.gradle.cache.internal.DefaultCacheCoordinator] Cache Generated Gradle JARs cache (/home/user/jin-insurance/.gradle_home/caches/8.14.3/generated-gradle-jars) was closed 0 times.
2026-05-21T04:29:18.123+0000 [DEBUG] [org.gradle.cache.internal.LockOnDemandCrossProcessCacheAccess] Releasing file lock for artifact cache (/home/user/jin-insurance/.gradle_home/caches/modules-2)
2026-05-21T04:29:18.123+0000 [DEBUG] [org.gradle.internal.watch.registry.impl.DefaultFileWatcherRegistry] Finished listening to file system change events
2026-05-21T04:29:18.125+0000 [DEBUG] [org.gradle.cache.internal.btree.BTreePersistentIndexedCache] Closing cache module-metadata.bin (/home/user/jin-insurance/.gradle_home/caches/modules-2/metadata-2.107/module-metadata.bin)
2026-05-21T04:29:18.125+0000 [DEBUG] [org.gradle.cache.internal.btree.BTreePersistentIndexedCache] Closing cache resource-at-url.bin (/home/user/jin-insurance/.gradle_home/caches/modules-2/metadata-2.107/resource-at-url.bin)
2026-05-21T04:29:18.126+0000 [DEBUG] [org.gradle.cache.internal.DefaultFileLockManager] Releasing lock on artifact cache (/home/user/jin-insurance/.gradle_home/caches/modules-2).
2026-05-21T04:29:18.126+0000 [DEBUG] [org.gradle.cache.internal.DefaultCacheCoordinator] Cache groovy-dsl (/home/user/jin-insurance/.gradle_home/caches/8.14.3/groovy-dsl) was closed 0 times.
2026-05-21T04:29:18.129+0000 [DEBUG] [org.gradle.cache.internal.DefaultCacheCoordinator] Cache Artifact transforms cache (/home/user/jin-insurance/.gradle_home/caches/8.14.3/transforms) was closed 0 times.
2026-05-21T04:29:18.132+0000 [DEBUG] [org.gradle.cache.internal.LockOnDemandCrossProcessCacheAccess] Releasing file lock for journal cache (/home/user/jin-insurance/.gradle_home/caches/journal-1)
2026-05-21T04:29:18.132+0000 [DEBUG] [org.gradle.cache.internal.btree.BTreePersistentIndexedCache] Closing cache file-access.bin (/home/user/jin-insurance/.gradle_home/caches/journal-1/file-access.bin)
2026-05-21T04:29:18.133+0000 [DEBUG] [org.gradle.cache.internal.DefaultFileLockManager] Releasing lock on journal cache (/home/user/jin-insurance/.gradle_home/caches/journal-1).
2026-05-21T04:29:18.133+0000 [DEBUG] [org.gradle.cache.internal.LockOnDemandCrossProcessCacheAccess] Releasing file lock for file hash cache (/home/user/jin-insurance/.gradle_home/caches/8.14.3/fileHashes)
2026-05-21T04:29:18.133+0000 [DEBUG] [org.gradle.cache.internal.btree.BTreePersistentIndexedCache] Closing cache fileHashes.bin (/home/user/jin-insurance/.gradle_home/caches/8.14.3/fileHashes/fileHashes.bin)
2026-05-21T04:29:18.136+0000 [DEBUG] [org.gradle.cache.internal.DefaultFileLockManager] Releasing lock on file hash cache (/home/user/jin-insurance/.gradle_home/caches/8.14.3/fileHashes).
2026-05-21T04:29:18.137+0000 [DEBUG] [org.gradle.internal.operations.DefaultBuildOperationRunner] Build operation 'Deleting unused version-specific caches in /home/user/jin-insurance/.gradle_home/caches' started
2026-05-21T04:29:18.148+0000 [DEBUG] [org.gradle.cache.internal.VersionSpecificCacheCleanupAction] Processed version-specific caches at /home/user/jin-insurance/.gradle_home/caches for cleanup in 0.009 secs
2026-05-21T04:29:18.149+0000 [DEBUG] [org.gradle.internal.operations.DefaultBuildOperationRunner] Completing Build operation 'Deleting unused version-specific caches in /home/user/jin-insurance/.gradle_home/caches'
2026-05-21T04:29:18.150+0000 [DEBUG] [org.gradle.internal.operations.DefaultBuildOperationRunner] Build operation 'Deleting unused version-specific caches in /home/user/jin-insurance/.gradle_home/caches' completed
2026-05-21T04:29:18.152+0000 [DEBUG] [org.gradle.internal.operations.DefaultBuildOperationRunner] Build operation 'Deleting unused Gradle distributions in /home/user/jin-insurance/.gradle_home/wrapper/dists' started
2026-05-21T04:29:18.157+0000 [DEBUG] [org.gradle.internal.operations.DefaultBuildOperationRunner] Completing Build operation 'Deleting unused Gradle distributions in /home/user/jin-insurance/.gradle_home/wrapper/dists'
2026-05-21T04:29:18.157+0000 [DEBUG] [org.gradle.internal.operations.DefaultBuildOperationRunner] Build operation 'Deleting unused Gradle distributions in /home/user/jin-insurance/.gradle_home/wrapper/dists' completed
2026-05-21T04:29:18.157+0000 [DEBUG] [org.gradle.launcher.daemon.server.Daemon] stop() called on daemon
2026-05-21T04:29:18.157+0000 [INFO] [org.gradle.launcher.daemon.server.Daemon] Stop requested. Daemon is removing its presence from the registry...
2026-05-21T04:29:18.157+0000 [DEBUG] [org.gradle.launcher.daemon.server.DaemonRegistryUpdater] Removing our presence to clients, eg. removing this address from the registry: [276b88b9-9bac-4137-adee-a3008d60a923 port:46555, addresses:[localhost/127.0.0.1]]
2026-05-21T04:29:18.158+0000 [DEBUG] [org.gradle.launcher.daemon.registry.PersistentDaemonRegistry] Removing daemon address: [276b88b9-9bac-4137-adee-a3008d60a923 port:46555, addresses:[localhost/127.0.0.1]]
2026-05-21T04:29:18.159+0000 [DEBUG] [org.gradle.cache.internal.DefaultFileLockManager] Waiting to acquire exclusive lock on daemon addresses registry.
2026-05-21T04:29:18.160+0000 [DEBUG] [org.gradle.cache.internal.DefaultFileLockManager] Lock acquired on daemon addresses registry.
2026-05-21T04:29:18.160+0000 [DEBUG] [org.gradle.cache.internal.DefaultFileLockManager] Releasing lock on daemon addresses registry.
2026-05-21T04:29:18.160+0000 [DEBUG] [org.gradle.launcher.daemon.server.DaemonRegistryUpdater] Address removed from registry.
2026-05-21T04:29:18.162+0000 [DEBUG] [org.gradle.cache.internal.locklistener.DefaultFileLockContentionHandler] File lock listener thread completed.
Daemon vm is shutting down... The daemon has exited normally or was terminated in response to a user interrupt.
2026-05-21T04:29:18.165+0000 [DEBUG] [org.gradle.launcher.daemon.registry.PersistentDaemonRegistry] Removing daemon address: [276b88b9-9bac-4137-adee-a3008d60a923 port:46555, addresses:[localhost/127.0.0.1]]
2026-05-21T04:29:18.166+0000 [DEBUG] [org.gradle.launcher.daemon.server.Daemon] VM shutdown hook was unable to remove the daemon address from the registry. It will be cleaned up later.
java.lang.IllegalStateException: Cannot start managing file contention because this handler has been closed.
	at org.gradle.cache.internal.locklistener.DefaultFileLockContentionHandler.assertNotStopped(DefaultFileLockContentionHandler.java:248)
	at org.gradle.cache.internal.locklistener.DefaultFileLockContentionHandler.reservePort(DefaultFileLockContentionHandler.java:286)
	at org.gradle.cache.internal.DefaultFileLockManager.lock(DefaultFileLockManager.java:124)
	at org.gradle.cache.internal.DefaultFileLockManager.lock(DefaultFileLockManager.java:106)
	at org.gradle.cache.internal.DefaultFileLockManager.lock(DefaultFileLockManager.java:101)
	at org.gradle.cache.internal.OnDemandFileAccess.updateFile(OnDemandFileAccess.java:51)
	at org.gradle.cache.internal.FileBackedObjectHolder.update(FileBackedObjectHolder.java:77)
	at org.gradle.cache.internal.FileIntegrityViolationSuppressingObjectHolderDecorator.lambda$update$0(FileIntegrityViolationSuppressingObjectHolderDecorator.java:48)
	at org.gradle.cache.internal.FileIntegrityViolationSuppressingObjectHolderDecorator.doUpdate(FileIntegrityViolationSuppressingObjectHolderDecorator.java:58)
	at org.gradle.cache.internal.FileIntegrityViolationSuppressingObjectHolderDecorator.update(FileIntegrityViolationSuppressingObjectHolderDecorator.java:48)
	at org.gradle.launcher.daemon.registry.PersistentDaemonRegistry.remove(PersistentDaemonRegistry.java:133)
	at org.gradle.launcher.daemon.server.Daemon$1.run(Daemon.java:133)
	at java.base/java.lang.Thread.run(Thread.java:840)
